E:\TEAM BUILDING\测试工程\C++\TEST\DEBUG\SAMPLE2.DLL
E:\TEAM BUILDING\测试工程\C++\TEST\DEBUG\SAMPLE2.ILK
E:\TEAM BUILDING\测试工程\C++\TEST\DEBUG\SAMPLE2.PDB
E:\TEAM BUILDING\测试工程\C++\TEST\SAMPLE2\DEBUG\.NETFRAMEWORK,VERSION=V4.0.ASSEMBLYATTRIBUTES.OBJ
E:\TEAM BUILDING\测试工程\C++\TEST\SAMPLE2\DEBUG\APP.RES
E:\TEAM BUILDING\测试工程\C++\TEST\SAMPLE2\DEBUG\ASSEMBLYINFO.OBJ
E:\Team Building\测试工程\C++\test\sample2\Debug\cl.command.1.tlog
E:\Team Building\测试工程\C++\test\sample2\Debug\CL.read.1.tlog
E:\Team Building\测试工程\C++\test\sample2\Debug\CL.write.1.tlog
E:\Team Building\测试工程\C++\test\sample2\Debug\link.19140.read.1.tlog
E:\Team Building\测试工程\C++\test\sample2\Debug\link.19140.write.1.tlog
E:\Team Building\测试工程\C++\test\sample2\Debug\link.19140-cvtres.read.1.tlog
E:\Team Building\测试工程\C++\test\sample2\Debug\link.19140-cvtres.write.1.tlog
E:\Team Building\测试工程\C++\test\sample2\Debug\link.command.1.tlog
E:\Team Building\测试工程\C++\test\sample2\Debug\link.read.1.tlog
E:\Team Building\测试工程\C++\test\sample2\Debug\link.write.1.tlog
E:\Team Building\测试工程\C++\test\sample2\Debug\metagen.read.1.tlog
E:\Team Building\测试工程\C++\test\sample2\Debug\metagen.write.1.tlog
E:\Team Building\测试工程\C++\test\sample2\Debug\mt.command.1.tlog
E:\Team Building\测试工程\C++\test\sample2\Debug\mt.read.1.tlog
E:\Team Building\测试工程\C++\test\sample2\Debug\mt.write.1.tlog
E:\Team Building\测试工程\C++\test\sample2\Debug\rc.command.1.tlog
E:\Team Building\测试工程\C++\test\sample2\Debug\rc.read.1.tlog
E:\Team Building\测试工程\C++\test\sample2\Debug\rc.write.1.tlog
E:\Team Building\测试工程\C++\test\sample2\Debug\RSAENH.DLL.bi
E:\TEAM BUILDING\测试工程\C++\TEST\SAMPLE2\DEBUG\SAMPLE2.DLL.INTERMEDIATE.MANIFEST
E:\TEAM BUILDING\测试工程\C++\TEST\SAMPLE2\DEBUG\SAMPLE2.OBJ
E:\TEAM BUILDING\测试工程\C++\TEST\SAMPLE2\DEBUG\SAMPLE2.PCH
E:\Team Building\测试工程\C++\test\sample2\Debug\sample2.vcxprojResolveAssemblyReference.cache
E:\Team Building\测试工程\C++\test\sample2\Debug\sample2.write.1.tlog
E:\TEAM BUILDING\测试工程\C++\TEST\SAMPLE2\DEBUG\STDAFX.OBJ
E:\Team Building\测试工程\C++\test\sample2\Debug\TZRES.DLL.bi
E:\Team Building\测试工程\C++\test\sample2\Debug\vc100.idb
E:\TEAM BUILDING\测试工程\C++\TEST\SAMPLE2\DEBUG\VC100.PDB
