E:\TEAM BUILDING\测试工程\C++\TEST\DEBUG\SAMPLE3.DLL
E:\TEAM BUILDING\测试工程\C++\TEST\DEBUG\SAMPLE3.ILK
E:\TEAM BUILDING\测试工程\C++\TEST\DEBUG\SAMPLE3.PDB
E:\TEAM BUILDING\测试工程\C++\TEST\SAMPLE3\DEBUG\.NETFRAMEWORK,VERSION=V4.0.ASSEMBLYATTRIBUTES.OBJ
E:\TEAM BUILDING\测试工程\C++\TEST\SAMPLE3\DEBUG\APP.RES
E:\TEAM BUILDING\测试工程\C++\TEST\SAMPLE3\DEBUG\ASSEMBLYINFO.OBJ
E:\Team Building\测试工程\C++\test\sample3\Debug\cl.command.1.tlog
E:\Team Building\测试工程\C++\test\sample3\Debug\CL.read.1.tlog
E:\Team Building\测试工程\C++\test\sample3\Debug\CL.write.1.tlog
E:\Team Building\测试工程\C++\test\sample3\Debug\link.11704.read.1.tlog
E:\Team Building\测试工程\C++\test\sample3\Debug\link.11704.write.1.tlog
E:\Team Building\测试工程\C++\test\sample3\Debug\link.11704-cvtres.read.1.tlog
E:\Team Building\测试工程\C++\test\sample3\Debug\link.11704-cvtres.write.1.tlog
E:\Team Building\测试工程\C++\test\sample3\Debug\link.command.1.tlog
E:\Team Building\测试工程\C++\test\sample3\Debug\link.read.1.tlog
E:\Team Building\测试工程\C++\test\sample3\Debug\link.write.1.tlog
E:\Team Building\测试工程\C++\test\sample3\Debug\metagen.read.1.tlog
E:\Team Building\测试工程\C++\test\sample3\Debug\metagen.write.1.tlog
E:\Team Building\测试工程\C++\test\sample3\Debug\mt.command.1.tlog
E:\Team Building\测试工程\C++\test\sample3\Debug\mt.read.1.tlog
E:\Team Building\测试工程\C++\test\sample3\Debug\mt.write.1.tlog
E:\Team Building\测试工程\C++\test\sample3\Debug\rc.command.1.tlog
E:\Team Building\测试工程\C++\test\sample3\Debug\rc.read.1.tlog
E:\Team Building\测试工程\C++\test\sample3\Debug\rc.write.1.tlog
E:\Team Building\测试工程\C++\test\sample3\Debug\RSAENH.DLL.bi
E:\TEAM BUILDING\测试工程\C++\TEST\SAMPLE3\DEBUG\SAMPLE3.DLL.INTERMEDIATE.MANIFEST
E:\TEAM BUILDING\测试工程\C++\TEST\SAMPLE3\DEBUG\SAMPLE3.OBJ
E:\TEAM BUILDING\测试工程\C++\TEST\SAMPLE3\DEBUG\SAMPLE3.PCH
E:\Team Building\测试工程\C++\test\sample3\Debug\sample3.vcxprojResolveAssemblyReference.cache
E:\Team Building\测试工程\C++\test\sample3\Debug\sample3.write.1.tlog
E:\TEAM BUILDING\测试工程\C++\TEST\SAMPLE3\DEBUG\STDAFX.OBJ
E:\Team Building\测试工程\C++\test\sample3\Debug\TZRES.DLL.bi
E:\Team Building\测试工程\C++\test\sample3\Debug\vc100.idb
E:\TEAM BUILDING\测试工程\C++\TEST\SAMPLE3\DEBUG\VC100.PDB
