E:\TEAM BUILDING\测试工程\C++\TEST\DEBUG\LEETCODE.EXE
E:\TEAM BUILDING\测试工程\C++\TEST\DEBUG\LEETCODE.ILK
E:\TEAM BUILDING\测试工程\C++\TEST\DEBUG\LEETCODE.PDB
E:\TEAM BUILDING\测试工程\C++\TEST\DEBUG\LT.EXE
E:\TEAM BUILDING\测试工程\C++\TEST\DEBUG\LT.ILK
E:\TEAM BUILDING\测试工程\C++\TEST\DEBUG\LT.PDB
E:\Team Building\测试工程\C++\test\leetcode\Debug\cl.command.1.tlog
E:\Team Building\测试工程\C++\test\leetcode\Debug\CL.read.1.tlog
E:\Team Building\测试工程\C++\test\leetcode\Debug\CL.write.1.tlog
E:\TEAM BUILDING\测试工程\C++\TEST\LEETCODE\DEBUG\LEETCODE.EXE.EMBED.MANIFEST
E:\TEAM BUILDING\测试工程\C++\TEST\LEETCODE\DEBUG\LEETCODE.EXE.EMBED.MANIFEST.RES
E:\TEAM BUILDING\测试工程\C++\TEST\LEETCODE\DEBUG\LEETCODE.EXE.INTERMEDIATE.MANIFEST
E:\Team Building\测试工程\C++\test\leetcode\Debug\leetcode.vcxprojResolveAssemblyReference.cache
E:\Team Building\测试工程\C++\test\leetcode\Debug\leetcode.write.1.tlog
E:\Team Building\测试工程\C++\test\leetcode\Debug\leetcode_manifest.rc
E:\Team Building\测试工程\C++\test\leetcode\Debug\link.7204.read.1.tlog
E:\Team Building\测试工程\C++\test\leetcode\Debug\link.7204.write.1.tlog
E:\Team Building\测试工程\C++\test\leetcode\Debug\link.7204-cvtres.read.1.tlog
E:\Team Building\测试工程\C++\test\leetcode\Debug\link.7204-cvtres.write.1.tlog
E:\Team Building\测试工程\C++\test\leetcode\Debug\link.8804.read.1.tlog
E:\Team Building\测试工程\C++\test\leetcode\Debug\link.8804.write.1.tlog
E:\Team Building\测试工程\C++\test\leetcode\Debug\link.8804-cvtres.read.1.tlog
E:\Team Building\测试工程\C++\test\leetcode\Debug\link.8804-cvtres.write.1.tlog
E:\Team Building\测试工程\C++\test\leetcode\Debug\link.9384.read.1.tlog
E:\Team Building\测试工程\C++\test\leetcode\Debug\link.9384.write.1.tlog
E:\Team Building\测试工程\C++\test\leetcode\Debug\link.9384-cvtres.read.1.tlog
E:\Team Building\测试工程\C++\test\leetcode\Debug\link.9384-cvtres.write.1.tlog
E:\Team Building\测试工程\C++\test\leetcode\Debug\link.command.1.tlog
E:\Team Building\测试工程\C++\test\leetcode\Debug\link.read.1.tlog
E:\Team Building\测试工程\C++\test\leetcode\Debug\link.write.1.tlog
E:\Team Building\测试工程\C++\test\leetcode\Debug\link-cvtres.read.1.tlog
E:\Team Building\测试工程\C++\test\leetcode\Debug\link-cvtres.write.1.tlog
E:\TEAM BUILDING\测试工程\C++\TEST\LEETCODE\DEBUG\LT.EXE.EMBED.MANIFEST
E:\TEAM BUILDING\测试工程\C++\TEST\LEETCODE\DEBUG\LT.EXE.EMBED.MANIFEST.RES
E:\TEAM BUILDING\测试工程\C++\TEST\LEETCODE\DEBUG\LT.EXE.INTERMEDIATE.MANIFEST
E:\Team Building\测试工程\C++\test\leetcode\Debug\lt.write.1.tlog
E:\Team Building\测试工程\C++\test\leetcode\Debug\lt_manifest.rc
E:\TEAM BUILDING\测试工程\C++\TEST\LEETCODE\DEBUG\MAIN.OBJ
E:\Team Building\测试工程\C++\test\leetcode\Debug\mt.command.1.tlog
E:\Team Building\测试工程\C++\test\leetcode\Debug\mt.read.1.tlog
E:\Team Building\测试工程\C++\test\leetcode\Debug\mt.write.1.tlog
E:\Team Building\测试工程\C++\test\leetcode\Debug\rc.command.1.tlog
E:\Team Building\测试工程\C++\test\leetcode\Debug\rc.read.1.tlog
E:\Team Building\测试工程\C++\test\leetcode\Debug\rc.write.1.tlog
E:\TEAM BUILDING\测试工程\C++\TEST\LEETCODE\DEBUG\ROMAN_TO_INT.OBJ
E:\Team Building\测试工程\C++\test\leetcode\Debug\vc100.idb
E:\TEAM BUILDING\测试工程\C++\TEST\LEETCODE\DEBUG\VC100.PDB
