生成启动时间为 2020/1/19 16:05:50。
     1>项目“E:\Team Building\测试工程\C++\test\sample4\sample4.vcxproj”在节点 2 上(rebuild 个目标)。
     1>_PrepareForClean:
         正在删除文件“Debug\sample4.lastbuildstate”。
       InitializeBuildStatus:
         正在创建“Debug\sample4.unsuccessfulbuild”，因为已指定“AlwaysCreate”。
       GenerateTargetFrameworkMonikerAttribute:
       正在跳过目标“GenerateTargetFrameworkMonikerAttribute”，因为所有输出文件相对于输入文件而言都是最新的。
       ClCompile:
         C:\Program Files (x86)\Microsoft Visual Studio 10.0\VC\bin\CL.exe /c /AI"C:\Program Files (x86)\Reference Assemblies\Microsoft\Framework\.NETFramework\v4.0" /Zi /clr /nologo /W3 /WX- /Od /Oy- /D WIN32 /D _DEBUG /D _UNICODE /D UNICODE /EHa /MDd /GS /fp:precise /Zc:wchar_t /Zc:forScope /Yc"StdAfx.h" /Fp"Debug\sample4.pch" /Fo"Debug\\" /Fd"Debug\vc100.pdb" /TP /FU"C:\Program Files (x86)\Reference Assemblies\Microsoft\Framework\.NETFramework\v4.0\System.Core.dll" /FU"C:\Program Files (x86)\Reference Assemblies\Microsoft\Framework\.NETFramework\v4.0\System.Data.dll" /FU"C:\Program Files (x86)\Reference Assemblies\Microsoft\Framework\.NETFramework\v4.0\System.dll" /FU"C:\Program Files (x86)\Reference Assemblies\Microsoft\Framework\.NETFramework\v4.0\System.Xml.dll" /analyze- /errorReport:prompt Stdafx.cpp /clr:nostdlib 
         {{xgTaskID=00000005}}
         Stdafx.cpp
         {{xgTaskID=00000000}}
         C:\Program Files (x86)\Microsoft Visual Studio 10.0\VC\bin\CL.exe /c /AI"C:\Program Files (x86)\Reference Assemblies\Microsoft\Framework\.NETFramework\v4.0" /Zi /clr /nologo /W3 /WX- /Od /Oy- /D WIN32 /D _DEBUG /D _UNICODE /D UNICODE /EHa /MDd /GS /fp:precise /Zc:wchar_t /Zc:forScope /Fo"Debug\\" /Fd"Debug\vc100.pdb" /TP /FU"C:\Program Files (x86)\Reference Assemblies\Microsoft\Framework\.NETFramework\v4.0\System.Core.dll" /FU"C:\Program Files (x86)\Reference Assemblies\Microsoft\Framework\.NETFramework\v4.0\System.Data.dll" /FU"C:\Program Files (x86)\Reference Assemblies\Microsoft\Framework\.NETFramework\v4.0\System.dll" /FU"C:\Program Files (x86)\Reference Assemblies\Microsoft\Framework\.NETFramework\v4.0\System.Xml.dll" /analyze- /errorReport:prompt ..\test\GVoiceImpl.cpp ..\test\IGVoiceWraper.cpp AssemblyInfo.cpp sample4.cpp /clr:nostdlib 
         {{xgTaskID=00000008}}
         IGVoiceWraper.cpp
         {{xgTaskID=00000000}}
         {{xgTaskID=00000009}}
         AssemblyInfo.cpp
         {{xgTaskID=00000000}}
         {{xgTaskID=00000007}}
         GVoiceImpl.cpp
         {{xgTaskID=00000000}}
         {{xgTaskID=0000000A}}
         sample4.cpp
         {{xgTaskID=00000000}}
         C:\Program Files (x86)\Microsoft Visual Studio 10.0\VC\bin\CL.exe /c /Zi /clr /nologo /W3 /WX- /Od /Oy- /D WIN32 /D _DEBUG /D _UNICODE /D UNICODE /EHa /MDd /GS /fp:precise /Zc:wchar_t /Zc:forScope /Fo"Debug\\" /Fd"Debug\vc100.pdb" /TP /analyze- /errorReport:prompt "C:\Users\Administrator\AppData\Local\Temp\.NETFramework,Version=v4.0.AssemblyAttributes.cpp"
         {{xgTaskID=0000000B}}
         .NETFramework,Version=v4.0.AssemblyAttributes.cpp
         {{xgTaskID=00000000}}
       ResourceCompile:
         C:\Program Files (x86)\Microsoft SDKs\Windows\v7.0A\bin\rc.exe /D _UNICODE /D UNICODE /l"0x0409" /nologo /fo"Debug\app.res" app.rc 
         {{xgTaskID=0000000C}}
         
         {{xgTaskID=00000000}}
       Lib:
         C:\Program Files (x86)\Microsoft Visual Studio 10.0\VC\bin\Lib.exe /OUT:"E:\Team Building\测试工程\C++\test\Debug\sample4.lib" /NOLOGO Debug\app.res
         Debug\GVoiceImpl.obj
         Debug\IGVoiceWraper.obj
         Debug\AssemblyInfo.obj
         Debug\sample4.obj
         Debug\Stdafx.obj
         "Debug\.NETFramework,Version=v4.0.AssemblyAttributes.obj"
         {{xgTaskID=0000000D}}
     1>LINK : warning LNK4068: 未指定 /MACHINE；默认设置为 X86
     1>.NETFramework,Version=v4.0.AssemblyAttributes.obj : warning LNK4221: 此对象文件未定义任何之前未定义的公共符号，因此任何耗用此库的链接操作都不会使用此文件
     1>AssemblyInfo.obj : warning LNK4221: 此对象文件未定义任何之前未定义的公共符号，因此任何耗用此库的链接操作都不会使用此文件
         {{xgTaskID=00000000}}
         sample4.vcxproj -> E:\Team Building\测试工程\C++\test\Debug\sample4.lib
       FinalizeBuildStatus:
         正在删除文件“Debug\sample4.unsuccessfulbuild”。
         正在对“Debug\sample4.lastbuildstate”执行 Touch 任务。
     1>已完成生成项目“E:\Team Building\测试工程\C++\test\sample4\sample4.vcxproj”(rebuild 个目标)的操作。

生成成功。

已用时间 00:00:01.22
