E:\TEAM BUILDING\测试工程\C++\TEST\DEBUG\SAMPLE4.LIB
E:\TEAM BUILDING\测试工程\C++\TEST\SAMPLE4\DEBUG\.NETFRAMEWORK,VERSION=V4.0.ASSEMBLYATTRIBUTES.OBJ
E:\TEAM BUILDING\测试工程\C++\TEST\SAMPLE4\DEBUG\APP.RES
E:\TEAM BUILDING\测试工程\C++\TEST\SAMPLE4\DEBUG\ASSEMBLYINFO.OBJ
E:\Team Building\测试工程\C++\test\sample4\Debug\cl.command.1.tlog
E:\Team Building\测试工程\C++\test\sample4\Debug\CL.read.1.tlog
E:\Team Building\测试工程\C++\test\sample4\Debug\CL.write.1.tlog
E:\TEAM BUILDING\测试工程\C++\TEST\SAMPLE4\DEBUG\GVOICEIMPL.OBJ
E:\TEAM BUILDING\测试工程\C++\TEST\SAMPLE4\DEBUG\IGVOICEWRAPER.OBJ
E:\Team Building\测试工程\C++\test\sample4\Debug\lib.command.1.tlog
E:\Team Building\测试工程\C++\test\sample4\Debug\Lib-link.read.1.tlog
E:\Team Building\测试工程\C++\test\sample4\Debug\Lib-link.write.1.tlog
E:\Team Building\测试工程\C++\test\sample4\Debug\Lib-link-cvtres.read.1.tlog
E:\Team Building\测试工程\C++\test\sample4\Debug\Lib-link-cvtres.write.1.tlog
E:\Team Building\测试工程\C++\test\sample4\Debug\metagen.read.1.tlog
E:\Team Building\测试工程\C++\test\sample4\Debug\metagen.write.1.tlog
E:\Team Building\测试工程\C++\test\sample4\Debug\rc.command.1.tlog
E:\Team Building\测试工程\C++\test\sample4\Debug\rc.read.1.tlog
E:\Team Building\测试工程\C++\test\sample4\Debug\rc.write.1.tlog
E:\Team Building\测试工程\C++\test\sample4\Debug\RSAENH.DLL.bi
E:\TEAM BUILDING\测试工程\C++\TEST\SAMPLE4\DEBUG\SAMPLE4.OBJ
E:\TEAM BUILDING\测试工程\C++\TEST\SAMPLE4\DEBUG\SAMPLE4.PCH
E:\Team Building\测试工程\C++\test\sample4\Debug\sample4.vcxprojResolveAssemblyReference.cache
E:\Team Building\测试工程\C++\test\sample4\Debug\sample4.write.1.tlog
E:\TEAM BUILDING\测试工程\C++\TEST\SAMPLE4\DEBUG\STDAFX.OBJ
E:\Team Building\测试工程\C++\test\sample4\Debug\TZRES.DLL.bi
E:\Team Building\测试工程\C++\test\sample4\Debug\vc100.idb
E:\TEAM BUILDING\测试工程\C++\TEST\SAMPLE4\DEBUG\VC100.PDB
